<?xml version="1.0" encoding="UTF-8"?>
<!-- Generated by org.testng.reporters.JUnitReportReporter -->
<testsuite hostname="SATISH" failures="0" tests="1" name="Script.TestCase1" time="8.629" errors="0" timestamp="2023-02-14T10:48:33 IST" skipped="0">
  <testcase classname="Script.TestCase1" name="validLogin" time="8.629"/>
  <system-out/>
</testsuite> <!-- Script.TestCase1 -->
